Arguments: 
  C:\Program Files\nodejs\node.exe C:\Users\Jérémiah\AppData\Roaming\npm\node_modules\yarn\bin\yarn.js init

PATH: 
  C:\WINDOWS\system32;C:\WINDOWS;C:\WINDOWS\System32\Wbem;C:\WINDOWS\System32\WindowsPowerShell\v1.0\;C:\WINDOWS\System32\OpenSSH\;C:\Program Files\Git\cmd;C:\sqlite;C:\Program Files\mongodb-compass;C:\Program Files\nodejs\;C:\Program Files\MariaDB 10.11\bin;C:\Program Files\dotnet\;C:\Users\Jérémiah\AppData\Local\Programs\Python\Python311\Scripts\;C:\Users\Jérémiah\AppData\Local\Programs\Python\Python311\;C:\Users\Jérémiah\AppData\Local\Microsoft\WindowsApps;C:\Users\Jérémiah\AppData\Local\Programs\Microsoft VS Code\bin;C:\Users\Jérémiah\AppData\Local\GitHubDesktop\bin;C:\Program Files\heroku\bin;C:\Users\Jérémiah\AppData\Roaming\npm

Yarn version: 
  1.22.19

Node version: 
  18.12.1

Platform: 
  win32 x64

Trace: 
  Error: canceled
      at Interface.<anonymous> (C:\Users\Jérémiah\AppData\Roaming\npm\node_modules\yarn\lib\cli.js:137150:13)
      at Interface.emit (node:events:513:28)
      at [_ttyWrite] [as _ttyWrite] (node:internal/readline/interface:1124:18)
      at ReadStream.onkeypress (node:internal/readline/interface:273:20)
      at ReadStream.emit (node:events:513:28)
      at emitKeys (node:internal/readline/utils:357:14)
      at emitKeys.next (<anonymous>)
      at ReadStream.onData (node:internal/readline/emitKeypressEvents:64:36)
      at ReadStream.emit (node:events:513:28)
      at addChunk (node:internal/streams/readable:324:12)

npm manifest: 
  No manifest

yarn manifest: 
  No manifest

Lockfile: 
  No lockfile
